Build started 03/06/2011 11:36:11 PM.
     1>Project "D:\Users\Araz\My Projects\C++\Thermometer\Thermometer.vcxproj" on node 2 (build target(s)).
     1>InitializeBuildStatus:
         Creating "Debug\Thermometer.unsuccessfulbuild" because "AlwaysCreate" was specified.
       GenerateTargetFrameworkMonikerAttribute:
       Skipping target "GenerateTargetFrameworkMonikerAttribute" because all output files are up-to-date with respect to the input files.
       ClCompile:
         C:\Program Files (x86)\Microsoft Visual Studio 10.0\VC\bin\CL.exe /c /AI"C:\Program Files (x86)\Reference Assemblies\Microsoft\Framework\.NETFramework\v4.0" /Zi /clr /nologo /W3 /WX- /Od /Oy- /D WIN32 /D _DEBUG /D _UNICODE /D UNICODE /EHa /MDd /GS /fp:precise /Zc:wchar_t /Zc:forScope /Fo"Debug\\" /Fd"Debug\vc100.pdb" /TP /FU"C:\Program Files (x86)\Reference Assemblies\Microsoft\Framework\.NETFramework\v4.0\System.Core.dll" /FU"C:\Program Files (x86)\Reference Assemblies\Microsoft\Framework\.NETFramework\v4.0\System.Data.dll" /FU"C:\Program Files (x86)\Reference Assemblies\Microsoft\Framework\.NETFramework\v4.0\System.dll" /FU"C:\Program Files (x86)\Reference Assemblies\Microsoft\Framework\.NETFramework\v4.0\System.Xml.dll" /analyze- /errorReport:prompt Thermometer.cpp /clr:nostdlib 
         Thermometer.cpp
         All outputs are up-to-date.
       Link:
         C:\Program Files (x86)\Microsoft Visual Studio 10.0\VC\bin\link.exe /ERRORREPORT:PROMPT /OUT:"D:\Users\Araz\My Projects\C++\Thermometer\Debug\Thermometer.exe" /INCREMENTAL /NOLOGO /MANIFEST /ManifestFile:"Debug\Thermometer.exe.intermediate.manifest" /MANIFESTUAC:"level='asInvoker' uiAccess='false'" /DEBUG /PDB:"D:\Users\Araz\My Projects\C++\Thermometer\Debug\Thermometer.pdb" /ASSEMBLYDEBUG /TLBID:1 /DYNAMICBASE /FIXED:NO /NXCOMPAT /MACHINE:X86 Debug\Thermometer.obj
         "Debug\.NETFramework,Version=v4.0.AssemblyAttributes.obj"
         Thermometer.vcxproj -> D:\Users\Araz\My Projects\C++\Thermometer\Debug\Thermometer.exe
       Manifest:
         C:\Program Files (x86)\Microsoft SDKs\Windows\v7.0A\bin\mt.exe /nologo /verbose /outputresource:"D:\Users\Araz\My Projects\C++\Thermometer\Debug\Thermometer.exe;#1" /manifest Debug\Thermometer.exe.intermediate.manifest
       FinalizeBuildStatus:
         Deleting file "Debug\Thermometer.unsuccessfulbuild".
         Touching "Debug\Thermometer.lastbuildstate".
     1>Done Building Project "D:\Users\Araz\My Projects\C++\Thermometer\Thermometer.vcxproj" (build target(s)).

Build succeeded.

Time Elapsed 00:00:01.31
